2011-07-26 18:13:42,734 root         WARNING  
---------
Log started on Tue Jul 26 18:13:42 2011.
---------

2011-07-26 18:13:42,734 migrate.versioning.util DEBUG    Constructing engine
2011-07-26 18:13:42,736 migrate.versioning.repository DEBUG    Loading repository dissomniag/migrations...
2011-07-26 18:13:42,736 migrate.versioning.script.base DEBUG    Loading script dissomniag/migrations/versions/001_Add_User_table.py...
2011-07-26 18:13:42,736 migrate.versioning.script.base DEBUG    Script dissomniag/migrations/versions/001_Add_User_table.py loaded successfully
2011-07-26 18:13:42,737 migrate.versioning.repository DEBUG    Repository dissomniag/migrations loaded successfully
2011-07-26 18:13:42,737 migrate.versioning.repository DEBUG    Config: OrderedDict([('db_settings', OrderedDict([('__name__', 'db_settings'), ('repository_id', 'DiSSOmniaG Migrations'), ('version_table', 'migrate_version'), ('required_dbs', '[]')]))])
2011-07-26 18:13:42,738 migrate.versioning.util DEBUG    Disposing SQLAlchemy engine Engine(sqlite:///dissomniag.db)
2011-07-26 18:13:42,738 migrate.versioning.util DEBUG    Constructing engine
2011-07-26 18:13:42,739 migrate.versioning.repository DEBUG    Loading repository dissomniag/migrations...
2011-07-26 18:13:42,739 migrate.versioning.script.base DEBUG    Loading script dissomniag/migrations/versions/001_Add_User_table.py...
2011-07-26 18:13:42,739 migrate.versioning.script.base DEBUG    Script dissomniag/migrations/versions/001_Add_User_table.py loaded successfully
2011-07-26 18:13:42,740 migrate.versioning.repository DEBUG    Repository dissomniag/migrations loaded successfully
2011-07-26 18:13:42,740 migrate.versioning.repository DEBUG    Config: OrderedDict([('db_settings', OrderedDict([('__name__', 'db_settings'), ('repository_id', 'DiSSOmniaG Migrations'), ('version_table', 'migrate_version'), ('required_dbs', '[]')]))])
2011-07-26 18:13:42,742 migrate.versioning.util DEBUG    Disposing SQLAlchemy engine Engine(sqlite:///dissomniag.db)
2011-07-26 18:13:43,187 server       INFO     Parse Htpasswd File at: htpasswd
2011-07-26 18:13:43,549 server       INFO     Starting XML-RPC Server at Port: 8008
2011-07-26 18:13:43,550 server       INFO     Starting SSH Server at Port: 8009
2011-07-26 18:13:43,551 server       INFO     Starting SSH Server at Port: 8009
